c:\users\user\desktop\physx tutorials\tutorial 1\x64\debug\vc140.pdb
c:\users\user\desktop\physx tutorials\tutorial 1\x64\debug\vc140.idb
c:\users\user\desktop\physx tutorials\tutorial 1\x64\debug\physicsengine.obj
c:\users\user\desktop\physx tutorials\tutorial 1\x64\debug\tutorial 1.obj
c:\users\user\desktop\physx tutorials\x64\debug\tutorial 1.ilk
c:\users\user\desktop\physx tutorials\x64\debug\tutorial 1.exe
c:\users\user\desktop\physx tutorials\x64\debug\tutorial 1.pdb
c:\users\user\desktop\golf\tutorial 1\x64\debug\physicsengine.obj
c:\users\user\desktop\golf\tutorial 1\x64\debug\tutorial 1.obj
c:\users\user\desktop\golf\tutorial 1\x64\debug\vc140.idb
c:\users\user\desktop\golf\tutorial 1\x64\debug\vc140.pdb
c:\users\user\desktop\golf\x64\debug\tutorial 1.pdb
c:\users\user\desktop\golf\x64\debug\tutorial 1.exe
c:\users\user\desktop\golf\x64\debug\tutorial 1.ilk
c:\users\user\desktop\golf\tutorial 1\x64\debug\tutorial 1.tlog\cl.command.1.tlog
c:\users\user\desktop\golf\tutorial 1\x64\debug\tutorial 1.tlog\cl.read.1.tlog
c:\users\user\desktop\golf\tutorial 1\x64\debug\tutorial 1.tlog\cl.write.1.tlog
c:\users\user\desktop\golf\tutorial 1\x64\debug\tutorial 1.tlog\link.command.1.tlog
c:\users\user\desktop\golf\tutorial 1\x64\debug\tutorial 1.tlog\link.read.1.tlog
c:\users\user\desktop\golf\tutorial 1\x64\debug\tutorial 1.tlog\link.write.1.tlog
