c:\users\user\desktop\physx tutorials\tutorial 3\x64\debug\vc140.pdb
c:\users\user\desktop\physx tutorials\tutorial 3\x64\debug\vc140.idb
c:\users\user\desktop\physx tutorials\tutorial 3\x64\debug\camera.obj
c:\users\user\desktop\physx tutorials\tutorial 3\x64\debug\glfontrenderer.obj
c:\users\user\desktop\physx tutorials\tutorial 3\x64\debug\renderer.obj
c:\users\user\desktop\physx tutorials\tutorial 3\x64\debug\physicsengine.obj
c:\users\user\desktop\physx tutorials\tutorial 3\x64\debug\visualdebugger.obj
c:\users\user\desktop\physx tutorials\tutorial 3\x64\debug\tutorial 3.obj
c:\users\user\desktop\physx tutorials\x64\debug\tutorial 3.ilk
c:\users\user\desktop\physx tutorials\x64\debug\tutorial 3.exe
c:\users\user\desktop\physx tutorials\x64\debug\tutorial 3.pdb
c:\users\user\desktop\golf\tutorial 3\x64\debug\camera.obj
c:\users\user\desktop\golf\tutorial 3\x64\debug\glfontrenderer.obj
c:\users\user\desktop\golf\tutorial 3\x64\debug\physicsengine.obj
c:\users\user\desktop\golf\tutorial 3\x64\debug\renderer.obj
c:\users\user\desktop\golf\tutorial 3\x64\debug\tutorial 3.obj
c:\users\user\desktop\golf\tutorial 3\x64\debug\visualdebugger.obj
c:\users\user\desktop\golf\tutorial 3\x64\debug\vc140.idb
c:\users\user\desktop\golf\tutorial 3\x64\debug\vc140.pdb
c:\users\user\desktop\golf\x64\debug\tutorial 3.pdb
c:\users\user\desktop\golf\x64\debug\tutorial 3.exe
c:\users\user\desktop\golf\x64\debug\tutorial 3.ilk
c:\users\user\desktop\golf\tutorial 3\x64\debug\tutorial 3.tlog\cl.command.1.tlog
c:\users\user\desktop\golf\tutorial 3\x64\debug\tutorial 3.tlog\cl.read.1.tlog
c:\users\user\desktop\golf\tutorial 3\x64\debug\tutorial 3.tlog\cl.write.1.tlog
c:\users\user\desktop\golf\tutorial 3\x64\debug\tutorial 3.tlog\link.command.1.tlog
c:\users\user\desktop\golf\tutorial 3\x64\debug\tutorial 3.tlog\link.read.1.tlog
c:\users\user\desktop\golf\tutorial 3\x64\debug\tutorial 3.tlog\link.write.1.tlog
